[2019-08-01T18:58:44.718] [ERROR] characterCount - Cheese is Comté.
[2019-08-01T18:58:44.719] [INFO] characterCount - Cheese is Comté.
[2019-08-01T19:01:37.222] [INFO] characterCount - Connecting database...
[2019-08-01T19:01:43.862] [INFO] characterCount - Connecting database...
[2019-08-01T19:02:06.756] [INFO] characterCount - Connecting database...
[2019-08-01T19:34:26.855] [INFO] characterCount - Connecting database...
[2019-08-01T19:39:18.404] [INFO] characterCount - Connecting database...
[2019-08-01T19:44:21.894] [INFO] characterCount - Connecting database...
[2019-08-01T19:50:07.181] [INFO] characterCount - Connecting database...
[2019-08-01T19:50:31.471] [INFO] characterCount - Connecting database...
[2019-08-01T19:50:33.794] [INFO] characterCount - Connecting database...
[2019-08-01T19:50:55.185] [INFO] characterCount - Connecting database...
[2019-08-01T19:51:08.835] [INFO] characterCount - Connecting database...
[2019-08-01T19:52:08.192] [INFO] characterCount - Connecting database...
[2019-08-01T19:54:54.054] [INFO] characterCount - Connecting database...
[2019-08-01T19:55:36.521] [INFO] characterCount - Connecting database...
[2019-08-01T19:55:38.467] [INFO] characterCount - Connecting database...
[2019-08-01T19:55:48.656] [INFO] characterCount - Connecting database...
[2019-08-01T19:57:32.315] [INFO] characterCount - Connecting database...
[2019-08-01T19:57:50.990] [INFO] characterCount - Connecting database...
[2019-08-01T19:58:00.304] [INFO] characterCount - Connecting database...
[2019-08-01T19:59:11.641] [INFO] characterCount - Connecting database...
[2019-08-01T20:00:16.306] [INFO] characterCount - Connecting database...
[2019-08-01T20:00:35.012] [INFO] characterCount - Connecting database...
[2019-08-01T20:00:47.318] [INFO] characterCount - Connecting database...
[2019-08-01T20:01:12.710] [INFO] characterCount - Connecting database...
[2019-08-01T20:01:47.167] [INFO] characterCount - Connecting database...
[2019-08-01T20:02:08.553] [INFO] characterCount - Connecting database...
[2019-08-01T20:02:31.978] [INFO] characterCount - Connecting database...
[2019-08-01T20:02:40.186] [INFO] characterCount - Connecting database...
[2019-08-01T20:04:28.755] [INFO] characterCount - Connecting database...
[2019-08-01T20:05:01.635] [INFO] characterCount - Mongoose default connection disconnected
[2019-08-01T20:05:01.637] [INFO] characterCount - Mongoose default connection disconnected through app termination
[2019-08-01T20:05:04.023] [INFO] characterCount - Connecting database...
[2019-08-02T10:50:48.248] [INFO] characterCount - Connecting database...
[2019-08-02T10:57:01.398] [INFO] characterCount - Mongoose default connection disconnected
[2019-08-02T10:57:01.400] [INFO] characterCount - Mongoose default connection disconnected through app termination
